[ 2021-04-09T05:59:53.060Z ] - [ [32minfo[39m ] Server started at http://127.0.0.1:8000 
[ 2021-04-09T05:59:53.086Z ] - [ [32minfo[39m ] Succesfully Connected to the Mongodb Database  at URL :mongodb://localhost:27017/blog 
[ 2021-04-09T06:06:35.770Z ] - [ [34mdebug[39m ] Login: Fetched admin by email - {
  "0": "d",
  "1": "e",
  "2": "v",
  "3": "e",
  "4": "n",
  "5": "d",
  "6": "e",
  "7": "r",
  "8": "@",
  "9": "m",
  "10": "a",
  "11": "i",
  "12": "l",
  "13": "i",
  "14": "n",
  "15": "a",
  "16": "t",
  "17": "o",
  "18": "r",
  "19": ".",
  "20": "c",
  "21": "o",
  "22": "m"
}
[ 2021-04-09T06:06:35.774Z ] - [ [34mdebug[39m ] Login: Comparing password 
[ 2021-04-09T06:06:35.935Z ] - [ [34mdebug[39m ] Login: Password match status - true 
[ 2021-04-09T06:06:35.935Z ] - [ [32minfo[39m ] JWT: Generating refresh token - {
  "data": {
    "userId": "605d863bd6867445c03e4cd3"
  },
  "expiresIn": "24h"
}
[ 2021-04-09T06:06:35.938Z ] - [ [32minfo[39m ] JWT: Generating access token - {
  "data": {
    "userId": "605d863bd6867445c03e4cd3"
  },
  "expiresIn": "24h"
}
[ 2021-04-09T06:15:19.889Z ] - [ [34mdebug[39m ] Login: Fetched admin by email - {
  "0": "d",
  "1": "e",
  "2": "v",
  "3": "e",
  "4": "n",
  "5": "d",
  "6": "e",
  "7": "r",
  "8": "@",
  "9": "m",
  "10": "a",
  "11": "i",
  "12": "l",
  "13": "i",
  "14": "n",
  "15": "a",
  "16": "t",
  "17": "o",
  "18": "r",
  "19": ".",
  "20": "c",
  "21": "o",
  "22": "m"
}
[ 2021-04-09T06:15:19.893Z ] - [ [34mdebug[39m ] Login: Comparing password 
[ 2021-04-09T06:15:20.033Z ] - [ [34mdebug[39m ] Login: Password match status - true 
[ 2021-04-09T06:15:20.034Z ] - [ [32minfo[39m ] JWT: Generating refresh token - {
  "data": {
    "userId": "605d863bd6867445c03e4cd3"
  },
  "expiresIn": "24h"
}
[ 2021-04-09T06:15:20.040Z ] - [ [32minfo[39m ] JWT: Generating access token - {
  "data": {
    "userId": "605d863bd6867445c03e4cd3"
  },
  "expiresIn": "24h"
}
[ 2021-04-09T06:45:00.636Z ] - [ [34mdebug[39m ] Login: Fetched admin by email - {
  "0": "d",
  "1": "e",
  "2": "v",
  "3": "e",
  "4": "n",
  "5": "d",
  "6": "e",
  "7": "r",
  "8": "@",
  "9": "m",
  "10": "a",
  "11": "i",
  "12": "l",
  "13": "i",
  "14": "n",
  "15": "a",
  "16": "t",
  "17": "o",
  "18": "r",
  "19": ".",
  "20": "c",
  "21": "o",
  "22": "m"
}
[ 2021-04-09T06:45:00.638Z ] - [ [34mdebug[39m ] Login: Comparing password 
[ 2021-04-09T06:45:00.778Z ] - [ [34mdebug[39m ] Login: Password match status - true 
[ 2021-04-09T06:45:00.779Z ] - [ [32minfo[39m ] JWT: Generating refresh token - {
  "data": {
    "userId": "605d863bd6867445c03e4cd3"
  },
  "expiresIn": "24h"
}
[ 2021-04-09T06:45:00.780Z ] - [ [32minfo[39m ] JWT: Generating access token - {
  "data": {
    "userId": "605d863bd6867445c03e4cd3"
  },
  "expiresIn": "24h"
}
[ 2021-04-09T06:46:22.893Z ] - [ [34mdebug[39m ] Login: Fetched admin by email - {
  "0": "d",
  "1": "e",
  "2": "v",
  "3": "e",
  "4": "n",
  "5": "d",
  "6": "e",
  "7": "r",
  "8": "@",
  "9": "m",
  "10": "a",
  "11": "i",
  "12": "l",
  "13": "i",
  "14": "n",
  "15": "a",
  "16": "t",
  "17": "o",
  "18": "r",
  "19": ".",
  "20": "c",
  "21": "o",
  "22": "m"
}
[ 2021-04-09T06:46:22.896Z ] - [ [34mdebug[39m ] Login: Comparing password 
[ 2021-04-09T06:46:23.039Z ] - [ [34mdebug[39m ] Login: Password match status - true 
[ 2021-04-09T06:46:23.040Z ] - [ [32minfo[39m ] JWT: Generating refresh token - {
  "data": {
    "userId": "605d863bd6867445c03e4cd3"
  },
  "expiresIn": "24h"
}
[ 2021-04-09T06:46:23.041Z ] - [ [32minfo[39m ] JWT: Generating access token - {
  "data": {
    "userId": "605d863bd6867445c03e4cd3"
  },
  "expiresIn": "24h"
}
[ 2021-04-09T06:48:48.179Z ] - [ [34mdebug[39m ] Login: Fetched admin by email - {
  "0": "d",
  "1": "e",
  "2": "v",
  "3": "e",
  "4": "n",
  "5": "d",
  "6": "e",
  "7": "r",
  "8": "@",
  "9": "m",
  "10": "a",
  "11": "i",
  "12": "l",
  "13": "i",
  "14": "n",
  "15": "a",
  "16": "t",
  "17": "o",
  "18": "r",
  "19": ".",
  "20": "c",
  "21": "o",
  "22": "m"
}
[ 2021-04-09T06:48:48.181Z ] - [ [34mdebug[39m ] Login: Comparing password 
[ 2021-04-09T06:48:48.320Z ] - [ [34mdebug[39m ] Login: Password match status - true 
[ 2021-04-09T06:48:48.321Z ] - [ [32minfo[39m ] JWT: Generating refresh token - {
  "data": {
    "userId": "605d863bd6867445c03e4cd3"
  },
  "expiresIn": "24h"
}
[ 2021-04-09T06:48:48.322Z ] - [ [32minfo[39m ] JWT: Generating access token - {
  "data": {
    "userId": "605d863bd6867445c03e4cd3"
  },
  "expiresIn": "24h"
}
[ 2021-04-09T06:51:39.083Z ] - [ [34mdebug[39m ] Login: Fetched admin by email - {
  "0": "d",
  "1": "e",
  "2": "v",
  "3": "e",
  "4": "n",
  "5": "d",
  "6": "e",
  "7": "r",
  "8": "@",
  "9": "m",
  "10": "a",
  "11": "i",
  "12": "l",
  "13": "i",
  "14": "n",
  "15": "a",
  "16": "t",
  "17": "o",
  "18": "r",
  "19": ".",
  "20": "c",
  "21": "o",
  "22": "m"
}
[ 2021-04-09T06:51:39.086Z ] - [ [34mdebug[39m ] Login: Comparing password 
[ 2021-04-09T06:51:39.222Z ] - [ [34mdebug[39m ] Login: Password match status - true 
[ 2021-04-09T06:51:39.223Z ] - [ [32minfo[39m ] JWT: Generating refresh token - {
  "data": {
    "userId": "605d863bd6867445c03e4cd3"
  },
  "expiresIn": "24h"
}
[ 2021-04-09T06:51:39.224Z ] - [ [32minfo[39m ] JWT: Generating access token - {
  "data": {
    "userId": "605d863bd6867445c03e4cd3"
  },
  "expiresIn": "24h"
}
[ 2021-04-09T06:52:28.054Z ] - [ [34mdebug[39m ] Login: Fetched admin by email - {
  "0": "d",
  "1": "e",
  "2": "v",
  "3": "e",
  "4": "n",
  "5": "d",
  "6": "e",
  "7": "r",
  "8": "@",
  "9": "m",
  "10": "a",
  "11": "i",
  "12": "l",
  "13": "i",
  "14": "n",
  "15": "a",
  "16": "t",
  "17": "o",
  "18": "r",
  "19": ".",
  "20": "c",
  "21": "o",
  "22": "m"
}
[ 2021-04-09T06:52:28.056Z ] - [ [34mdebug[39m ] Login: Comparing password 
[ 2021-04-09T06:52:28.197Z ] - [ [34mdebug[39m ] Login: Password match status - true 
[ 2021-04-09T06:52:28.197Z ] - [ [32minfo[39m ] JWT: Generating refresh token - {
  "data": {
    "userId": "605d863bd6867445c03e4cd3"
  },
  "expiresIn": "24h"
}
[ 2021-04-09T06:52:28.198Z ] - [ [32minfo[39m ] JWT: Generating access token - {
  "data": {
    "userId": "605d863bd6867445c03e4cd3"
  },
  "expiresIn": "24h"
}
[ 2021-04-09T06:53:31.395Z ] - [ [34mdebug[39m ] Login: Fetched admin by email - {
  "0": "d",
  "1": "e",
  "2": "v",
  "3": "e",
  "4": "n",
  "5": "d",
  "6": "e",
  "7": "r",
  "8": "@",
  "9": "m",
  "10": "a",
  "11": "i",
  "12": "l",
  "13": "i",
  "14": "n",
  "15": "a",
  "16": "t",
  "17": "o",
  "18": "r",
  "19": ".",
  "20": "c",
  "21": "o",
  "22": "m"
}
[ 2021-04-09T06:53:31.397Z ] - [ [34mdebug[39m ] Login: Comparing password 
[ 2021-04-09T06:53:31.542Z ] - [ [34mdebug[39m ] Login: Password match status - true 
[ 2021-04-09T06:53:31.542Z ] - [ [32minfo[39m ] JWT: Generating refresh token - {
  "data": {
    "userId": "605d863bd6867445c03e4cd3"
  },
  "expiresIn": "24h"
}
[ 2021-04-09T06:53:31.543Z ] - [ [32minfo[39m ] JWT: Generating access token - {
  "data": {
    "userId": "605d863bd6867445c03e4cd3"
  },
  "expiresIn": "24h"
}
[ 2021-04-09T06:54:06.073Z ] - [ [34mdebug[39m ] Login: Fetched admin by email - {
  "0": "d",
  "1": "e",
  "2": "v",
  "3": "e",
  "4": "n",
  "5": "d",
  "6": "e",
  "7": "r",
  "8": "@",
  "9": "m",
  "10": "a",
  "11": "i",
  "12": "l",
  "13": "i",
  "14": "n",
  "15": "a",
  "16": "t",
  "17": "o",
  "18": "r",
  "19": ".",
  "20": "c",
  "21": "o",
  "22": "m"
}
[ 2021-04-09T06:54:06.075Z ] - [ [34mdebug[39m ] Login: Comparing password 
[ 2021-04-09T06:54:06.215Z ] - [ [34mdebug[39m ] Login: Password match status - true 
[ 2021-04-09T06:54:06.215Z ] - [ [32minfo[39m ] JWT: Generating refresh token - {
  "data": {
    "userId": "605d863bd6867445c03e4cd3"
  },
  "expiresIn": "24h"
}
[ 2021-04-09T06:54:06.216Z ] - [ [32minfo[39m ] JWT: Generating access token - {
  "data": {
    "userId": "605d863bd6867445c03e4cd3"
  },
  "expiresIn": "24h"
}
[ 2021-04-09T06:54:41.666Z ] - [ [34mdebug[39m ] Login: Fetched admin by email - {
  "0": "d",
  "1": "e",
  "2": "v",
  "3": "e",
  "4": "n",
  "5": "d",
  "6": "e",
  "7": "r",
  "8": "@",
  "9": "m",
  "10": "a",
  "11": "i",
  "12": "l",
  "13": "i",
  "14": "n",
  "15": "a",
  "16": "t",
  "17": "o",
  "18": "r",
  "19": ".",
  "20": "c",
  "21": "o",
  "22": "m"
}
[ 2021-04-09T06:54:41.669Z ] - [ [34mdebug[39m ] Login: Comparing password 
[ 2021-04-09T06:54:41.804Z ] - [ [34mdebug[39m ] Login: Password match status - true 
[ 2021-04-09T06:54:41.805Z ] - [ [32minfo[39m ] JWT: Generating refresh token - {
  "data": {
    "userId": "605d863bd6867445c03e4cd3"
  },
  "expiresIn": "24h"
}
[ 2021-04-09T06:54:41.806Z ] - [ [32minfo[39m ] JWT: Generating access token - {
  "data": {
    "userId": "605d863bd6867445c03e4cd3"
  },
  "expiresIn": "24h"
}
[ 2021-04-09T07:01:07.406Z ] - [ [34mdebug[39m ] Login: Fetched admin by email - {
  "0": "d",
  "1": "e",
  "2": "v",
  "3": "e",
  "4": "n",
  "5": "d",
  "6": "e",
  "7": "r",
  "8": "@",
  "9": "m",
  "10": "a",
  "11": "i",
  "12": "l",
  "13": "i",
  "14": "n",
  "15": "a",
  "16": "t",
  "17": "o",
  "18": "r",
  "19": ".",
  "20": "c",
  "21": "o",
  "22": "m"
}
[ 2021-04-09T07:01:07.408Z ] - [ [34mdebug[39m ] Login: Comparing password 
[ 2021-04-09T07:01:07.544Z ] - [ [34mdebug[39m ] Login: Password match status - true 
[ 2021-04-09T07:01:07.545Z ] - [ [32minfo[39m ] JWT: Generating refresh token - {
  "data": {
    "userId": "605d863bd6867445c03e4cd3"
  },
  "expiresIn": "24h"
}
[ 2021-04-09T07:01:07.546Z ] - [ [32minfo[39m ] JWT: Generating access token - {
  "data": {
    "userId": "605d863bd6867445c03e4cd3"
  },
  "expiresIn": "24h"
}
[ 2021-04-09T07:01:53.575Z ] - [ [34mdebug[39m ] Login: Fetched admin by email - {
  "0": "d",
  "1": "e",
  "2": "v",
  "3": "e",
  "4": "n",
  "5": "d",
  "6": "e",
  "7": "r",
  "8": "@",
  "9": "m",
  "10": "a",
  "11": "i",
  "12": "l",
  "13": "i",
  "14": "n",
  "15": "a",
  "16": "t",
  "17": "o",
  "18": "r",
  "19": ".",
  "20": "c",
  "21": "o",
  "22": "m"
}
[ 2021-04-09T07:01:53.578Z ] - [ [34mdebug[39m ] Login: Comparing password 
[ 2021-04-09T07:01:53.720Z ] - [ [34mdebug[39m ] Login: Password match status - true 
[ 2021-04-09T07:01:53.721Z ] - [ [32minfo[39m ] JWT: Generating refresh token - {
  "data": {
    "userId": "605d863bd6867445c03e4cd3"
  },
  "expiresIn": "24h"
}
[ 2021-04-09T07:01:53.721Z ] - [ [32minfo[39m ] JWT: Generating access token - {
  "data": {
    "userId": "605d863bd6867445c03e4cd3"
  },
  "expiresIn": "24h"
}
[ 2021-04-09T07:02:25.085Z ] - [ [34mdebug[39m ] Login: Fetched admin by email - {
  "0": "d",
  "1": "e",
  "2": "v",
  "3": "e",
  "4": "n",
  "5": "d",
  "6": "e",
  "7": "r",
  "8": "@",
  "9": "m",
  "10": "a",
  "11": "i",
  "12": "l",
  "13": "i",
  "14": "n",
  "15": "a",
  "16": "t",
  "17": "o",
  "18": "r",
  "19": ".",
  "20": "c",
  "21": "o",
  "22": "m"
}
[ 2021-04-09T07:02:25.087Z ] - [ [34mdebug[39m ] Login: Comparing password 
[ 2021-04-09T07:02:25.223Z ] - [ [34mdebug[39m ] Login: Password match status - true 
[ 2021-04-09T07:02:25.224Z ] - [ [32minfo[39m ] JWT: Generating refresh token - {
  "data": {
    "userId": "605d863bd6867445c03e4cd3"
  },
  "expiresIn": "24h"
}
[ 2021-04-09T07:02:25.225Z ] - [ [32minfo[39m ] JWT: Generating access token - {
  "data": {
    "userId": "605d863bd6867445c03e4cd3"
  },
  "expiresIn": "24h"
}
[ 2021-04-09T07:03:16.397Z ] - [ [34mdebug[39m ] Login: Fetched admin by email - {
  "0": "d",
  "1": "e",
  "2": "v",
  "3": "e",
  "4": "n",
  "5": "d",
  "6": "e",
  "7": "r",
  "8": "@",
  "9": "m",
  "10": "a",
  "11": "i",
  "12": "l",
  "13": "i",
  "14": "n",
  "15": "a",
  "16": "t",
  "17": "o",
  "18": "r",
  "19": ".",
  "20": "c",
  "21": "o",
  "22": "m"
}
[ 2021-04-09T07:03:16.399Z ] - [ [34mdebug[39m ] Login: Comparing password 
[ 2021-04-09T07:03:16.536Z ] - [ [34mdebug[39m ] Login: Password match status - true 
[ 2021-04-09T07:03:16.537Z ] - [ [32minfo[39m ] JWT: Generating refresh token - {
  "data": {
    "userId": "605d863bd6867445c03e4cd3"
  },
  "expiresIn": "24h"
}
[ 2021-04-09T07:03:16.538Z ] - [ [32minfo[39m ] JWT: Generating access token - {
  "data": {
    "userId": "605d863bd6867445c03e4cd3"
  },
  "expiresIn": "24h"
}
[ 2021-04-09T07:03:47.975Z ] - [ [34mdebug[39m ] Login: Fetched admin by email - {
  "0": "d",
  "1": "e",
  "2": "v",
  "3": "e",
  "4": "n",
  "5": "d",
  "6": "e",
  "7": "r",
  "8": "@",
  "9": "m",
  "10": "a",
  "11": "i",
  "12": "l",
  "13": "i",
  "14": "n",
  "15": "a",
  "16": "t",
  "17": "o",
  "18": "r",
  "19": ".",
  "20": "c",
  "21": "o",
  "22": "m"
}
[ 2021-04-09T07:03:47.976Z ] - [ [34mdebug[39m ] Login: Comparing password 
[ 2021-04-09T07:03:48.113Z ] - [ [34mdebug[39m ] Login: Password match status - true 
[ 2021-04-09T07:03:48.114Z ] - [ [32minfo[39m ] JWT: Generating refresh token - {
  "data": {
    "userId": "605d863bd6867445c03e4cd3"
  },
  "expiresIn": "24h"
}
[ 2021-04-09T07:03:48.115Z ] - [ [32minfo[39m ] JWT: Generating access token - {
  "data": {
    "userId": "605d863bd6867445c03e4cd3"
  },
  "expiresIn": "24h"
}
[ 2021-04-09T07:15:29.607Z ] - [ [34mdebug[39m ] Login: Fetched admin by email - {
  "0": "d",
  "1": "e",
  "2": "v",
  "3": "e",
  "4": "n",
  "5": "d",
  "6": "e",
  "7": "r",
  "8": "@",
  "9": "m",
  "10": "a",
  "11": "i",
  "12": "l",
  "13": "i",
  "14": "n",
  "15": "a",
  "16": "t",
  "17": "o",
  "18": "r",
  "19": ".",
  "20": "c",
  "21": "o",
  "22": "m"
}
[ 2021-04-09T07:15:29.609Z ] - [ [34mdebug[39m ] Login: Comparing password 
[ 2021-04-09T07:15:29.746Z ] - [ [34mdebug[39m ] Login: Password match status - true 
[ 2021-04-09T07:15:29.746Z ] - [ [32minfo[39m ] JWT: Generating refresh token - {
  "data": {
    "userId": "605d863bd6867445c03e4cd3"
  },
  "expiresIn": "24h"
}
[ 2021-04-09T07:15:29.747Z ] - [ [32minfo[39m ] JWT: Generating access token - {
  "data": {
    "userId": "605d863bd6867445c03e4cd3"
  },
  "expiresIn": "24h"
}
[ 2021-04-09T07:20:40.650Z ] - [ [34mdebug[39m ] Login: Fetched admin by email - {
  "0": "d",
  "1": "e",
  "2": "v",
  "3": "e",
  "4": "n",
  "5": "d",
  "6": "e",
  "7": "r",
  "8": "@",
  "9": "m",
  "10": "a",
  "11": "i",
  "12": "l",
  "13": "i",
  "14": "n",
  "15": "a",
  "16": "t",
  "17": "o",
  "18": "r",
  "19": ".",
  "20": "c",
  "21": "o",
  "22": "m"
}
[ 2021-04-09T07:20:40.652Z ] - [ [34mdebug[39m ] Login: Comparing password 
[ 2021-04-09T07:20:40.790Z ] - [ [34mdebug[39m ] Login: Password match status - true 
[ 2021-04-09T07:20:40.791Z ] - [ [32minfo[39m ] JWT: Generating refresh token - {
  "data": {
    "userId": "605d863bd6867445c03e4cd3"
  },
  "expiresIn": "24h"
}
[ 2021-04-09T07:20:40.792Z ] - [ [32minfo[39m ] JWT: Generating access token - {
  "data": {
    "userId": "605d863bd6867445c03e4cd3"
  },
  "expiresIn": "24h"
}
[ 2021-04-09T07:50:27.128Z ] - [ [34mdebug[39m ] Login: Fetched admin by email - {
  "0": "d",
  "1": "e",
  "2": "v",
  "3": "e",
  "4": "n",
  "5": "d",
  "6": "e",
  "7": "r",
  "8": "@",
  "9": "m",
  "10": "a",
  "11": "i",
  "12": "l",
  "13": "i",
  "14": "n",
  "15": "a",
  "16": "t",
  "17": "o",
  "18": "r",
  "19": ".",
  "20": "c",
  "21": "o",
  "22": "m"
}
[ 2021-04-09T07:50:27.131Z ] - [ [34mdebug[39m ] Login: Comparing password 
[ 2021-04-09T07:50:27.273Z ] - [ [34mdebug[39m ] Login: Password match status - true 
[ 2021-04-09T07:50:27.274Z ] - [ [32minfo[39m ] JWT: Generating refresh token - {
  "data": {
    "userId": "605d863bd6867445c03e4cd3"
  },
  "expiresIn": "24h"
}
[ 2021-04-09T07:50:27.275Z ] - [ [32minfo[39m ] JWT: Generating access token - {
  "data": {
    "userId": "605d863bd6867445c03e4cd3"
  },
  "expiresIn": "24h"
}
[ 2021-04-09T07:51:04.966Z ] - [ [34mdebug[39m ] Login: Fetched admin by email - {
  "0": "d",
  "1": "e",
  "2": "v",
  "3": "e",
  "4": "n",
  "5": "d",
  "6": "e",
  "7": "r",
  "8": "@",
  "9": "m",
  "10": "a",
  "11": "i",
  "12": "l",
  "13": "i",
  "14": "n",
  "15": "a",
  "16": "t",
  "17": "o",
  "18": "r",
  "19": ".",
  "20": "c",
  "21": "o",
  "22": "m"
}
[ 2021-04-09T07:51:04.968Z ] - [ [34mdebug[39m ] Login: Comparing password 
[ 2021-04-09T07:51:05.107Z ] - [ [34mdebug[39m ] Login: Password match status - true 
[ 2021-04-09T07:51:05.108Z ] - [ [32minfo[39m ] JWT: Generating refresh token - {
  "data": {
    "userId": "605d863bd6867445c03e4cd3"
  },
  "expiresIn": "24h"
}
[ 2021-04-09T07:51:05.109Z ] - [ [32minfo[39m ] JWT: Generating access token - {
  "data": {
    "userId": "605d863bd6867445c03e4cd3"
  },
  "expiresIn": "24h"
}
[ 2021-04-09T07:55:00.692Z ] - [ [34mdebug[39m ] Login: Fetched admin by email - {
  "0": "d",
  "1": "e",
  "2": "v",
  "3": "e",
  "4": "n",
  "5": "d",
  "6": "e",
  "7": "r",
  "8": "@",
  "9": "m",
  "10": "a",
  "11": "i",
  "12": "l",
  "13": "i",
  "14": "n",
  "15": "a",
  "16": "t",
  "17": "o",
  "18": "r",
  "19": ".",
  "20": "c",
  "21": "o",
  "22": "m"
}
[ 2021-04-09T07:55:00.694Z ] - [ [34mdebug[39m ] Login: Comparing password 
[ 2021-04-09T07:55:00.831Z ] - [ [34mdebug[39m ] Login: Password match status - true 
[ 2021-04-09T07:55:00.832Z ] - [ [32minfo[39m ] JWT: Generating refresh token - {
  "data": {
    "userId": "605d863bd6867445c03e4cd3"
  },
  "expiresIn": "24h"
}
[ 2021-04-09T07:55:00.833Z ] - [ [32minfo[39m ] JWT: Generating access token - {
  "data": {
    "userId": "605d863bd6867445c03e4cd3"
  },
  "expiresIn": "24h"
}
[ 2021-04-09T07:55:09.608Z ] - [ [32minfo[39m ] JWT: Verifying token -  
[ 2021-04-09T07:56:57.482Z ] - [ [32minfo[39m ] JWT: Verifying token -  
[ 2021-04-09T07:58:09.051Z ] - [ [32minfo[39m ] JWT: Verifying token -  
[ 2021-04-09T07:58:24.784Z ] - [ [32minfo[39m ] JWT: Verifying token -  
[ 2021-04-09T07:58:38.848Z ] - [ [32minfo[39m ] JWT: Verifying token -  
[ 2021-04-09T07:59:01.361Z ] - [ [32minfo[39m ] JWT: Verifying token -  
[ 2021-04-09T08:01:10.308Z ] - [ [32minfo[39m ] JWT: Verifying token - eyJhbGciOiJIUzI1NiIsInR5cCI6IkpXVCJ9.eyJkYXRhIjp7InVzZXJJZCI6IjYwNWQ4NjNiZDY4Njc0NDVjMDNlNGNkMyJ9LCJpYXQiOjE2MTc5NTQ5MDAsImV4cCI6MTYxODA0MTMwMH0.56_5P3TL9dhSnD6aCunpbJUXNNs8Yqb2LdcAhgpLBNo 
[ 2021-04-09T08:01:10.310Z ] - [ [34mdebug[39m ] JWT: Authentication verified - {
  "userId": "605d863bd6867445c03e4cd3"
}
[ 2021-04-09T08:01:17.136Z ] - [ [32minfo[39m ] JWT: Verifying token - eyJhbGciOiJIUzI1NiIsInR5cCI6IkpXVCJ9.eyJkYXRhIjp7InVzZXJJZCI6IjYwNWQ4NjNiZDY4Njc0NDVjMDNlNGNkMyJ9LCJpYXQiOjE2MTc5NTQ5MDAsImV4cCI6MTYxODA0MTMwMH0.56_5P3TL9dhSnD6aCunpbJUXNNs8Yqb2LdcAhgpLBNo 
[ 2021-04-09T08:01:17.137Z ] - [ [34mdebug[39m ] JWT: Authentication verified - {
  "userId": "605d863bd6867445c03e4cd3"
}
[ 2021-04-09T08:02:31.814Z ] - [ [34mdebug[39m ] Login: Fetched admin by email - {
  "0": "d",
  "1": "e",
  "2": "v",
  "3": "e",
  "4": "n",
  "5": "d",
  "6": "e",
  "7": "r",
  "8": "@",
  "9": "m",
  "10": "a",
  "11": "i",
  "12": "l",
  "13": "i",
  "14": "n",
  "15": "a",
  "16": "t",
  "17": "o",
  "18": "r",
  "19": ".",
  "20": "c",
  "21": "o",
  "22": "m"
}
[ 2021-04-09T08:02:31.817Z ] - [ [34mdebug[39m ] Login: Comparing password 
[ 2021-04-09T08:02:31.958Z ] - [ [34mdebug[39m ] Login: Password match status - true 
[ 2021-04-09T08:02:31.958Z ] - [ [32minfo[39m ] JWT: Generating refresh token - {
  "data": {
    "userId": "605d863bd6867445c03e4cd3"
  },
  "expiresIn": "24h"
}
[ 2021-04-09T08:02:31.960Z ] - [ [32minfo[39m ] JWT: Generating access token - {
  "data": {
    "userId": "605d863bd6867445c03e4cd3"
  },
  "expiresIn": "24h"
}
[ 2021-04-09T08:02:39.435Z ] - [ [32minfo[39m ] JWT: Verifying token -  
[ 2021-04-09T08:03:17.250Z ] - [ [32minfo[39m ] JWT: Verifying token - eyJhbGciOiJIUzI1NiIsInR5cCI6IkpXVCJ9.eyJkYXRhIjp7InVzZXJJZCI6IjYwNWQ4NjNiZDY4Njc0NDVjMDNlNGNkMyJ9LCJpYXQiOjE2MTc5NTUzNTEsImV4cCI6MTYxODA0MTc1MX0.lR56XhBR4Y2RvSj9865RpydB1LhJFcpfGBcjrYbNxqs 
[ 2021-04-09T08:03:17.251Z ] - [ [34mdebug[39m ] JWT: Authentication verified - {
  "userId": "605d863bd6867445c03e4cd3"
}
[ 2021-04-09T08:03:20.488Z ] - [ [32minfo[39m ] JWT: Verifying token - eyJhbGciOiJIUzI1NiIsInR5cCI6IkpXVCJ9.eyJkYXRhIjp7InVzZXJJZCI6IjYwNWQ4NjNiZDY4Njc0NDVjMDNlNGNkMyJ9LCJpYXQiOjE2MTc5NTUzNTEsImV4cCI6MTYxODA0MTc1MX0.lR56XhBR4Y2RvSj9865RpydB1LhJFcpfGBcjrYbNxqs 
[ 2021-04-09T08:03:20.489Z ] - [ [34mdebug[39m ] JWT: Authentication verified - {
  "userId": "605d863bd6867445c03e4cd3"
}
[ 2021-04-09T08:03:42.449Z ] - [ [32minfo[39m ] JWT: Verifying token - eyJhbGciOiJIUzI1NiIsInR5cCI6IkpXVCJ9.eyJkYXRhIjp7InVzZXJJZCI6IjYwNWQ4NjNiZDY4Njc0NDVjMDNlNGNkMyJ9LCJpYXQiOjE2MTc5NTUzNTEsImV4cCI6MTYxODA0MTc1MX0.lR56XhBR4Y2RvSj9865RpydB1LhJFcpfGBcjrYbNxqs 
[ 2021-04-09T08:03:42.450Z ] - [ [34mdebug[39m ] JWT: Authentication verified - {
  "userId": "605d863bd6867445c03e4cd3"
}
[ 2021-04-09T08:04:21.906Z ] - [ [32minfo[39m ] JWT: Verifying token - eyJhbGciOiJIUzI1NiIsInR5cCI6IkpXVCJ9.eyJkYXRhIjp7InVzZXJJZCI6IjYwNWQ4NjNiZDY4Njc0NDVjMDNlNGNkMyJ9LCJpYXQiOjE2MTc5NTUzNTEsImV4cCI6MTYxODA0MTc1MX0.lR56XhBR4Y2RvSj9865RpydB1LhJFcpfGBcjrYbNxqs 
[ 2021-04-09T08:04:21.907Z ] - [ [34mdebug[39m ] JWT: Authentication verified - {
  "userId": "605d863bd6867445c03e4cd3"
}
[ 2021-04-09T08:04:53.198Z ] - [ [34mdebug[39m ] Login: Fetched admin by email - {
  "0": "d",
  "1": "e",
  "2": "v",
  "3": "e",
  "4": "n",
  "5": "d",
  "6": "e",
  "7": "r",
  "8": "@",
  "9": "m",
  "10": "a",
  "11": "i",
  "12": "l",
  "13": "i",
  "14": "n",
  "15": "a",
  "16": "t",
  "17": "o",
  "18": "r",
  "19": ".",
  "20": "c",
  "21": "o",
  "22": "m"
}
[ 2021-04-09T08:04:53.200Z ] - [ [34mdebug[39m ] Login: Comparing password 
[ 2021-04-09T08:04:53.336Z ] - [ [34mdebug[39m ] Login: Password match status - true 
[ 2021-04-09T08:04:53.337Z ] - [ [32minfo[39m ] JWT: Generating refresh token - {
  "data": {
    "userId": "605d863bd6867445c03e4cd3"
  },
  "expiresIn": "24h"
}
[ 2021-04-09T08:04:53.338Z ] - [ [32minfo[39m ] JWT: Generating access token - {
  "data": {
    "userId": "605d863bd6867445c03e4cd3"
  },
  "expiresIn": "24h"
}
[ 2021-04-09T08:05:00.070Z ] - [ [32minfo[39m ] JWT: Verifying token - eyJhbGciOiJIUzI1NiIsInR5cCI6IkpXVCJ9.eyJkYXRhIjp7InVzZXJJZCI6IjYwNWQ4NjNiZDY4Njc0NDVjMDNlNGNkMyJ9LCJpYXQiOjE2MTc5NTUzNTEsImV4cCI6MTYxODA0MTc1MX0.lR56XhBR4Y2RvSj9865RpydB1LhJFcpfGBcjrYbNxqs 
[ 2021-04-09T08:05:00.071Z ] - [ [34mdebug[39m ] JWT: Authentication verified - {
  "userId": "605d863bd6867445c03e4cd3"
}
[ 2021-04-09T08:05:07.092Z ] - [ [32minfo[39m ] JWT: Verifying token - eyJhbGciOiJIUzI1NiIsInR5cCI6IkpXVCJ9.eyJkYXRhIjp7InVzZXJJZCI6IjYwNWQ4NjNiZDY4Njc0NDVjMDNlNGNkMyJ9LCJpYXQiOjE2MTc5NTUzNTEsImV4cCI6MTYxODA0MTc1MX0.lR56XhBR4Y2RvSj9865RpydB1LhJFcpfGBcjrYbNxqs 
[ 2021-04-09T08:05:07.092Z ] - [ [34mdebug[39m ] JWT: Authentication verified - {
  "userId": "605d863bd6867445c03e4cd3"
}
[ 2021-04-09T08:05:40.175Z ] - [ [32minfo[39m ] JWT: Verifying token - eyJhbGciOiJIUzI1NiIsInR5cCI6IkpXVCJ9.eyJkYXRhIjp7InVzZXJJZCI6IjYwNWQ4NjNiZDY4Njc0NDVjMDNlNGNkMyJ9LCJpYXQiOjE2MTc5NTU0OTMsImV4cCI6MTYxODA0MTg5M30.SDPsX2qSvTbxAN4QZ3GB6IK19gUL_UmwmigPNlgByqU 
[ 2021-04-09T08:05:40.176Z ] - [ [34mdebug[39m ] JWT: Authentication verified - {
  "userId": "605d863bd6867445c03e4cd3"
}
[ 2021-04-09T08:06:04.001Z ] - [ [34mdebug[39m ] Login: Fetched admin by email - {
  "0": "d",
  "1": "e",
  "2": "v",
  "3": "e",
  "4": "n",
  "5": "d",
  "6": "e",
  "7": "r",
  "8": "@",
  "9": "m",
  "10": "a",
  "11": "i",
  "12": "l",
  "13": "i",
  "14": "n",
  "15": "a",
  "16": "t",
  "17": "o",
  "18": "r",
  "19": ".",
  "20": "c",
  "21": "o",
  "22": "m"
}
[ 2021-04-09T08:06:04.003Z ] - [ [34mdebug[39m ] Login: Comparing password 
[ 2021-04-09T08:06:04.139Z ] - [ [34mdebug[39m ] Login: Password match status - true 
[ 2021-04-09T08:06:04.139Z ] - [ [32minfo[39m ] JWT: Generating refresh token - {
  "data": {
    "userId": "605d863bd6867445c03e4cd3"
  },
  "expiresIn": "24h"
}
[ 2021-04-09T08:06:04.140Z ] - [ [32minfo[39m ] JWT: Generating access token - {
  "data": {
    "userId": "605d863bd6867445c03e4cd3"
  },
  "expiresIn": "24h"
}
[ 2021-04-09T08:06:46.457Z ] - [ [32minfo[39m ] JWT: Verifying token - eyJhbGciOiJIUzI1NiIsInR5cCI6IkpXVCJ9.eyJkYXRhIjp7InVzZXJJZCI6IjYwNWQ4NjNiZDY4Njc0NDVjMDNlNGNkMyJ9LCJpYXQiOjE2MTc5NTU0OTMsImV4cCI6MTYxODA0MTg5M30.SDPsX2qSvTbxAN4QZ3GB6IK19gUL_UmwmigPNlgByqU 
[ 2021-04-09T08:06:46.458Z ] - [ [34mdebug[39m ] JWT: Authentication verified - {
  "userId": "605d863bd6867445c03e4cd3"
}
[ 2021-04-09T08:06:59.382Z ] - [ [32minfo[39m ] JWT: Verifying token - eyJhbGciOiJIUzI1NiIsInR5cCI6IkpXVCJ9.eyJkYXRhIjp7InVzZXJJZCI6IjYwNWQ4NjNiZDY4Njc0NDVjMDNlNGNkMyJ9LCJpYXQiOjE2MTc5NTU1NjQsImV4cCI6MTYxODA0MTk2NH0.mjNndqmkvs87OsMALopguPBPlxZJvGQYBdDxPcA6ces 
[ 2021-04-09T08:06:59.383Z ] - [ [34mdebug[39m ] JWT: Authentication verified - {
  "userId": "605d863bd6867445c03e4cd3"
}
[ 2021-04-09T08:07:18.813Z ] - [ [34mdebug[39m ] Login: Fetched admin by email - {
  "0": "d",
  "1": "e",
  "2": "v",
  "3": "e",
  "4": "n",
  "5": "d",
  "6": "e",
  "7": "r",
  "8": "@",
  "9": "m",
  "10": "a",
  "11": "i",
  "12": "l",
  "13": "i",
  "14": "n",
  "15": "a",
  "16": "t",
  "17": "o",
  "18": "r",
  "19": ".",
  "20": "c",
  "21": "o",
  "22": "m"
}
[ 2021-04-09T08:07:18.816Z ] - [ [34mdebug[39m ] Login: Comparing password 
[ 2021-04-09T08:07:18.959Z ] - [ [34mdebug[39m ] Login: Password match status - true 
[ 2021-04-09T08:07:18.959Z ] - [ [32minfo[39m ] JWT: Generating refresh token - {
  "data": {
    "userId": "605d863bd6867445c03e4cd3"
  },
  "expiresIn": "24h"
}
[ 2021-04-09T08:07:18.960Z ] - [ [32minfo[39m ] JWT: Generating access token - {
  "data": {
    "userId": "605d863bd6867445c03e4cd3"
  },
  "expiresIn": "24h"
}
[ 2021-04-09T08:07:27.837Z ] - [ [32minfo[39m ] JWT: Verifying token - eyJhbGciOiJIUzI1NiIsInR5cCI6IkpXVCJ9.eyJkYXRhIjp7InVzZXJJZCI6IjYwNWQ4NjNiZDY4Njc0NDVjMDNlNGNkMyJ9LCJpYXQiOjE2MTc5NTU1NjQsImV4cCI6MTYxODA0MTk2NH0.mjNndqmkvs87OsMALopguPBPlxZJvGQYBdDxPcA6ces 
[ 2021-04-09T08:07:27.838Z ] - [ [34mdebug[39m ] JWT: Authentication verified - {
  "userId": "605d863bd6867445c03e4cd3"
}
[ 2021-04-09T08:07:39.648Z ] - [ [32minfo[39m ] JWT: Verifying token - eyJhbGciOiJIUzI1NiIsInR5cCI6IkpXVCJ9.eyJkYXRhIjp7InVzZXJJZCI6IjYwNWQ4NjNiZDY4Njc0NDVjMDNlNGNkMyJ9LCJpYXQiOjE2MTc5NTU2MzgsImV4cCI6MTYxODA0MjAzOH0.bNC11GPp_-CS7DNReGzAb8JmHO1Xrl4ramVXDoHN7H8 
[ 2021-04-09T08:07:39.649Z ] - [ [34mdebug[39m ] JWT: Authentication verified - {
  "userId": "605d863bd6867445c03e4cd3"
}
