[ 2021-04-15T05:31:08.697Z ] - [ [32minfo[39m ] Server started at http://127.0.0.1:8000 
[ 2021-04-15T05:43:24.067Z ] - [ [32minfo[39m ] Server started at http://127.0.0.1:8000 
[ 2021-04-15T05:43:24.098Z ] - [ [32minfo[39m ] Succesfully Connected to the Mongodb Database  at URL :mongodb://localhost:27017/blog 
[ 2021-04-15T13:10:37.211Z ] - [ [34mdebug[39m ] Login: Fetched admin by email - {
  "0": "d",
  "1": "e",
  "2": "v",
  "3": "e",
  "4": "n",
  "5": "d",
  "6": "e",
  "7": "r",
  "8": "@",
  "9": "m",
  "10": "a",
  "11": "i",
  "12": "l",
  "13": "i",
  "14": "n",
  "15": "a",
  "16": "t",
  "17": "o",
  "18": "r",
  "19": ".",
  "20": "c",
  "21": "o",
  "22": "m"
}
[ 2021-04-15T13:10:37.318Z ] - [ [34mdebug[39m ] Login: Comparing password 
[ 2021-04-15T13:10:37.519Z ] - [ [34mdebug[39m ] Login: Password match status - true 
[ 2021-04-15T13:10:37.527Z ] - [ [32minfo[39m ] JWT: Generating refresh token - {
  "data": {
    "userId": "605d863bd6867445c03e4cd3"
  },
  "expiresIn": "24h"
}
[ 2021-04-15T13:10:37.560Z ] - [ [32minfo[39m ] JWT: Generating access token - {
  "data": {
    "userId": "605d863bd6867445c03e4cd3"
  },
  "expiresIn": "24h"
}
[ 2021-04-15T13:13:45.355Z ] - [ [34mdebug[39m ] Login: Fetched admin by email - {
  "0": "d",
  "1": "e",
  "2": "v",
  "3": "e",
  "4": "n",
  "5": "d",
  "6": "e",
  "7": "r",
  "8": "@",
  "9": "m",
  "10": "a",
  "11": "i",
  "12": "l",
  "13": "i",
  "14": "n",
  "15": "a",
  "16": "t",
  "17": "o",
  "18": "r",
  "19": ".",
  "20": "c",
  "21": "o",
  "22": "m"
}
[ 2021-04-15T13:13:45.358Z ] - [ [34mdebug[39m ] Login: Comparing password 
[ 2021-04-15T13:13:45.494Z ] - [ [34mdebug[39m ] Login: Password match status - true 
[ 2021-04-15T13:13:45.495Z ] - [ [32minfo[39m ] JWT: Generating refresh token - {
  "data": {
    "userId": "605d863bd6867445c03e4cd3"
  },
  "expiresIn": "24h"
}
[ 2021-04-15T13:13:45.496Z ] - [ [32minfo[39m ] JWT: Generating access token - {
  "data": {
    "userId": "605d863bd6867445c03e4cd3"
  },
  "expiresIn": "24h"
}
